0 info it worked if it ends with ok
1 verbose cli [ 'C:\\laragon\\bin\\nodejs\\node.exe',
1 verbose cli   'C:\\laragon\\bin\\nodejs\\node_modules\\npm\\bin\\npm-cli.js',
1 verbose cli   'run',
1 verbose cli   'test' ]
2 info using npm@3.10.10
3 info using node@v6.9.5
4 verbose run-script [ 'pretest', 'test', 'posttest' ]
5 info lifecycle fast-news@1.0.0~pretest: fast-news@1.0.0
6 silly lifecycle fast-news@1.0.0~pretest: no script for pretest, continuing
7 info lifecycle fast-news@1.0.0~test: fast-news@1.0.0
8 verbose lifecycle fast-news@1.0.0~test: unsafe-perm in lifecycle true
9 verbose lifecycle fast-news@1.0.0~test: PATH: C:\laragon\bin\nodejs\node_modules\npm\bin\node-gyp-bin;C:\Users\Boluwatife\Desktop\fast-news\node_modules\.bin;C:\Users\Boluwatife\AppData\Local\Yarn\config\global\node_modules\.bin;C:\Users\Boluwatife\AppData\Roaming\npm;C:\Users\Boluwatife\AppData\Roaming\Composer\vendor\bin;C:\laragon\bin\mysql\mariadb-10.2.3-win32\bin;C:\laragon\bin\php\php-7.1.1-Win32-VC14-x86;C:\laragon\bin\composer;C:\laragon\bin\apache\httpd-2.4.25-win32-VC14\bin;C:\laragon\bin\redis\redis-x64-3.2.100;C:\laragon\bin\memcached\memcached-1.4.5;C:\laragon\bin\nodejs;C:\laragon\bin\yarn\bin;C:\laragon\bin\notepad++;C:\laragon\bin\telnet;C:\laragon\bin\ngrok;C:\laragon\bin\sendmail;C:\laragon\bin\winscp;C:\laragon\bin\git\bin;C:\laragon\bin\git\cmd;C:\laragon\bin\git\usr\bin;C:\laragon\bin\git\mingw32\bin;C:\laragon\bin;C:\laragon\usr\bin;C:\laragon\bin\putty;;C:\laragon\bin\cmder\bin;C:\Windows\system32;C:\Windows;C:\Windows\System32\Wbem;C:\Windows\System32\WindowsPowerShell\v1.0\;C:\xampp\php;C:\ProgramData\ComposerSetup\bin;C:\Program Files\PuTTY\;C:\Program Files\Git\cmd;C:\Program Files\nodejs\;C:\Users\Boluwatife\AppData\Local\Programs\Python\Python36-32\Scripts\;C:\Users\Boluwatife\AppData\Local\Programs\Python\Python36-32\;C:\Users\Boluwatife\AppData\Roaming\Composer\vendor\bin;C:\Program Files\Heroku\bin;C:\Users\Boluwatife\AppData\Roaming\npm;C:\Program Files\Git\usr\bin;C:\Program Files\Git\usr\share\vim\vim74;C:\laragon\bin\cmder\;
10 verbose lifecycle fast-news@1.0.0~test: CWD: C:\Users\Boluwatife\Desktop\fast-news
11 silly lifecycle fast-news@1.0.0~test: Args: [ '/d /s /c', 'mocha app/test' ]
12 silly lifecycle fast-news@1.0.0~test: Returned: code: 1  signal: null
13 info lifecycle fast-news@1.0.0~test: Failed to exec test script
14 verbose stack Error: fast-news@1.0.0 test: `mocha app/test`
14 verbose stack Exit status 1
14 verbose stack     at EventEmitter.<anonymous> (C:\laragon\bin\nodejs\node_modules\npm\lib\utils\lifecycle.js:255:16)
14 verbose stack     at emitTwo (events.js:106:13)
14 verbose stack     at EventEmitter.emit (events.js:191:7)
14 verbose stack     at ChildProcess.<anonymous> (C:\laragon\bin\nodejs\node_modules\npm\lib\utils\spawn.js:40:14)
14 verbose stack     at emitTwo (events.js:106:13)
14 verbose stack     at ChildProcess.emit (events.js:191:7)
14 verbose stack     at maybeClose (internal/child_process.js:877:16)
14 verbose stack     at Process.ChildProcess._handle.onexit (internal/child_process.js:226:5)
15 verbose pkgid fast-news@1.0.0
16 verbose cwd C:\Users\Boluwatife\Desktop\fast-news
17 error Windows_NT 10.0.10240
18 error argv "C:\\laragon\\bin\\nodejs\\node.exe" "C:\\laragon\\bin\\nodejs\\node_modules\\npm\\bin\\npm-cli.js" "run" "test"
19 error node v6.9.5
20 error npm  v3.10.10
21 error code ELIFECYCLE
22 error fast-news@1.0.0 test: `mocha app/test`
22 error Exit status 1
23 error Failed at the fast-news@1.0.0 test script 'mocha app/test'.
23 error Make sure you have the latest version of node.js and npm installed.
23 error If you do, this is most likely a problem with the fast-news package,
23 error not with npm itself.
23 error Tell the author that this fails on your system:
23 error     mocha app/test
23 error You can get information on how to open an issue for this project with:
23 error     npm bugs fast-news
23 error Or if that isn't available, you can get their info via:
23 error     npm owner ls fast-news
23 error There is likely additional logging output above.
24 verbose exit [ 1, true ]
